<?xml version="1.0" encoding="UTF-8" ?>
<testsuite tests="3" failures="0" name="org.jmrtd.test.protocol.AESSecureMessagingWrapperTest" time="0.02" errors="0" skipped="0">
  <properties>
[...]
</properties>
  <testcase classname="org.jmrtd.test.protocol.AESSecureMessagingWrapperTest" name="testAESSecureMessagingWrapper" time="0.015"/>
  <testcase classname="org.jmrtd.test.protocol.AESSecureMessagingWrapperTest" name="testAESSecureMessagingWrapperEquals" time="0"/>
  <testcase classname="org.jmrtd.test.protocol.AESSecureMessagingWrapperTest" name="testAESSecureMessagingWrapperWrapUnwrap" time="0.005"/>
</testsuite>